<?xml version="1.0" encoding="UTF-8"?>
<testsuite xmlns:xsi="http://www.w3.org/2001/XMLSchema-instance" xsi:noNamespaceSchemaLocation="https://maven.apache.org/surefire/maven-surefire-plugin/xsd/surefire-test-report.xsd" version="3.0.2" name="com.idcard.artists.apiservice.ApiserviceApplicationTests" time="5.417" tests="1" errors="0" skipped="0" failures="0">
  <properties>
[...]
</properties>
  <testcase name="contextLoads" classname="com.idcard.artists.apiservice.ApiserviceApplicationTests" time="0.937">
    <system-out><![CDATA[13:29:15.724 [main] INFO org.springframework.test.context.support.AnnotationConfigContextLoaderUtils -- Could not detect default configuration classes for test class [com.idcard.artists.apiservice.ApiserviceApplicationTests]: ApiserviceApplicationTests does not declare any static, non-private, non-final, nested classes annotated with @Configuration.
13:29:15.883 [main] INFO org.springframework.boot.test.context.SpringBootTestContextBootstrapper -- Found @SpringBootConfiguration com.idcard.artists.apiservice.ApiserviceApplication for test class com.idcard.artists.apiservice.ApiserviceApplicationTests

  .   ____          _            __ _ _
 /\\ / ___'_ __ _ _(_)_ __  __ _ \ \ \ \
( ( )\___ | '_ | '_| | '_ \/ _` | \ \ \ \
 \\/  ___)| |_)| | | | | || (_| |  ) ) ) )
  '  |____| .__|_| |_|_| |_\__, | / / / /
 =========|_|==============|___/=/_/_/_/

 :: Spring Boot ::                (v3.4.2)

2025-02-24T13:29:16.455+05:30  INFO 32388 --- [idcard-artists-apiservice] [           main] c.i.a.a.ApiserviceApplicationTests       : Starting ApiserviceApplicationTests using Java 17.0.4 with PID 32388 (started by ullaskunjukunju in /Users/ullaskunjukunju/Desktop/ACHU-POC/idcard-artist-be)
2025-02-24T13:29:16.457+05:30  INFO 32388 --- [idcard-artists-apiservice] [           main] c.i.a.a.ApiserviceApplicationTests       : No active profile set, falling back to 1 default profile: "default"
2025-02-24T13:29:17.266+05:30  INFO 32388 --- [idcard-artists-apiservice] [           main] o.s.cloud.context.scope.GenericScope     : BeanFactory id=393978a1-808f-3cc0-8201-f0ab8a190d70
2025-02-24T13:29:17.874+05:30  INFO 32388 --- [idcard-artists-apiservice] [           main] c.g.c.s.core.DefaultCredentialsProvider  : Default credentials provider for user 764086051850-6qr4p6gpi6hn506pt8ejuq83di341hur.apps.googleusercontent.com
2025-02-24T13:29:17.874+05:30  INFO 32388 --- [idcard-artists-apiservice] [           main] c.g.c.s.core.DefaultCredentialsProvider  : Scopes in use by default credentials: [https://www.googleapis.com/auth/pubsub, https://www.googleapis.com/auth/spanner.admin, https://www.googleapis.com/auth/spanner.data, https://www.googleapis.com/auth/datastore, https://www.googleapis.com/auth/sqlservice.admin, https://www.googleapis.com/auth/devstorage.read_only, https://www.googleapis.com/auth/devstorage.read_write, https://www.googleapis.com/auth/cloudruntimeconfig, https://www.googleapis.com/auth/trace.append, https://www.googleapis.com/auth/cloud-platform, https://www.googleapis.com/auth/cloud-vision, https://www.googleapis.com/auth/bigquery, https://www.googleapis.com/auth/monitoring.write]
2025-02-24T13:29:17.996+05:30  INFO 32388 --- [idcard-artists-apiservice] [           main] c.g.c.s.a.c.GcpContextAutoConfiguration  : The default project ID is idcard-artist
2025-02-24T13:29:19.939+05:30  INFO 32388 --- [idcard-artists-apiservice] [           main] c.i.a.a.ApiserviceApplicationTests       : Started ApiserviceApplicationTests in 3.843 seconds (process running for 5.031)
]]></system-out>
  </testcase>
</testsuite>